<?xml version="1.0" encoding="UTF-8"?>
<testsuite xmlns:xsi="http://www.w3.org/2001/XMLSchema-instance" xsi:noNamespaceSchemaLocation="https://maven.apache.org/surefire/maven-surefire-plugin/xsd/surefire-test-report.xsd" version="3.0.1" name="com.mycompany.app.AppTest" time="0.054" tests="10" errors="0" skipped="0" failures="0">
  <properties>
[...]
</properties>
  <testcase name="testGoodTrue" classname="com.mycompany.app.AppTest" time="0.016"/>
  <testcase name="testAverage" classname="com.mycompany.app.AppTest" time="0.002"/>
  <testcase name="testSqrtOfNine" classname="com.mycompany.app.AppTest" time="0.002"/>
  <testcase name="testCalcIrrational" classname="com.mycompany.app.AppTest" time="0.0"/>
  <testcase name="testIterImprove" classname="com.mycompany.app.AppTest" time="0.0"/>
  <testcase name="testCalcSimple" classname="com.mycompany.app.AppTest" time="0.0"/>
  <testcase name="testImprove" classname="com.mycompany.app.AppTest" time="0.0"/>
  <testcase name="testIterGood" classname="com.mycompany.app.AppTest" time="0.0"/>
  <testcase name="testGoodFalse" classname="com.mycompany.app.AppTest" time="0.0"/>
  <testcase name="testConstructor" classname="com.mycompany.app.AppTest" time="0.0"/>
</testsuite>